  capture.hpp
C:\Users\jedno\Desktop\projects\visual_sudoku_solver\process.hpp(113,53): warning C4244: 'argument': conversion from '_Tp' to '_Tp', possible loss of data
          with
          [
              _Tp=int
          ]
          and
          [
              _Tp=float
          ]
C:\Users\jedno\Desktop\projects\visual_sudoku_solver\process.hpp(113,45): warning C4244: 'argument': conversion from '_Tp' to '_Tp', possible loss of data
          with
          [
              _Tp=int
          ]
          and
          [
              _Tp=float
          ]
C:\Users\jedno\Desktop\projects\visual_sudoku_solver\process.hpp(115,16): warning C4244: 'initializing': conversion from 'const _Ty' to 'float', possible loss of data
          with
          [
              _Ty=double
          ]
C:\Users\jedno\Desktop\projects\visual_sudoku_solver\process.hpp(128,67): warning C4244: 'argument': conversion from 'float' to '_Tp', possible loss of data
          with
          [
              _Tp=int
          ]
C:\Users\jedno\Desktop\projects\visual_sudoku_solver\process.hpp(128,61): warning C4244: 'argument': conversion from 'float' to '_Tp', possible loss of data
          with
          [
              _Tp=int
          ]
C:\Users\jedno\Desktop\projects\visual_sudoku_solver\recognize.hpp(65,82): warning C4244: 'argument': conversion from 'double' to '_Tp', possible loss of data
          with
          [
              _Tp=int
          ]
C:\Users\jedno\Desktop\projects\visual_sudoku_solver\recognize.hpp(65,77): warning C4244: 'argument': conversion from 'double' to '_Tp', possible loss of data
          with
          [
              _Tp=int
          ]
C:\Users\jedno\Desktop\projects\visual_sudoku_solver\start.hpp(42,113): warning C4267: 'argument': conversion from 'size_t' to 'int', possible loss of data
C:\Users\jedno\Desktop\projects\visual_sudoku_solver\start.hpp(46,28): warning C4244: 'initializing': conversion from 'int' to 'float', possible loss of data
C:\Users\jedno\Desktop\projects\visual_sudoku_solver\start.hpp(120,67): warning C4244: 'argument': conversion from 'double' to '_Tp', possible loss of data
          with
          [
              _Tp=int
          ]
C:\Users\jedno\Desktop\projects\visual_sudoku_solver\start.hpp(120,42): warning C4244: 'argument': conversion from 'double' to '_Tp', possible loss of data
          with
          [
              _Tp=int
          ]
  Generating code
  0 of 667 functions ( 0.0%) were compiled, the rest were copied from previous compilation.
    0 functions were new in current compilation
    0 functions had inline decision re-evaluated but remain unchanged
  Finished generating code
  visual_sudoku_solver.vcxproj -> C:\Users\jedno\Desktop\projects\visual_sudoku_solver\x64\Release\visual_sudoku_solver.exe
  'pwsh.exe' is not recognized as an internal or external command,
  operable program or batch file.
  C:\opencv\build\x64\vc16\bin\opencv_world4100.dll
  1 File(s) copied
